0 info it worked if it ends with ok
1 verbose cli [ 'C:\\Program Files\\nodejs\\node.exe',
1 verbose cli   'C:\\Program Files\\nodejs\\node_modules\\npm\\bin\\npm-cli.js',
1 verbose cli   'start',
1 verbose cli   '--port',
1 verbose cli   '4500' ]
2 info using npm@4.1.2
3 info using node@v7.7.2
4 verbose run-script [ 'prestart', 'start', 'poststart' ]
5 info lifecycle form@0.0.0~prestart: form@0.0.0
6 silly lifecycle form@0.0.0~prestart: no script for prestart, continuing
7 info lifecycle form@0.0.0~start: form@0.0.0
8 verbose lifecycle form@0.0.0~start: unsafe-perm in lifecycle true
9 verbose lifecycle form@0.0.0~start: PATH: C:\Program Files\nodejs\node_modules\npm\bin\node-gyp-bin;C:\iteam\Projects\ng_form\node_modules\.bin;C:\ProgramData\Oracle\Java\javapath;C:\WINDOWS\system32;C:\WINDOWS;C:\WINDOWS\System32\Wbem;C:\WINDOWS\System32\WindowsPowerShell\v1.0\;c:\Program Files (x86)\Microsoft ASP.NET\ASP.NET Web Pages\v1.0\;C:\Program Files\Microsoft\Web Platform Installer\;C:\Program Files\Microsoft SQL Server\Client SDK\ODBC\110\Tools\Binn\;C:\Program Files (x86)\Microsoft SQL Server\120\Tools\Binn\;C:\Program Files\Microsoft SQL Server\120\Tools\Binn\;C:\Program Files\Microsoft SQL Server\120\DTS\Binn\;C:\Program Files (x86)\Microsoft SQL Server\120\Tools\Binn\ManagementStudio\;C:\Program Files (x86)\Microsoft SQL Server\120\DTS\Binn\;C:\Program Files\Broadcom\Broadcom 802.11\Driver;C:\Program Files\Microsoft SQL Server\130\Tools\Binn\;C:\Program Files (x86)\Microsoft SQL Server\110\DTS\Binn\;C:\Program Files (x86)\Microsoft SQL Server\130\DTS\Binn\;C:\Program Files\Perforce;C:\Program Files\Perforce\DVCS\;C:\Program Files (x86)\Windows Kits\10\Windows Performance Toolkit\;C:\Program Files\dotnet\;C:\Program Files\nodejs\;C:\Program Files (x86)\Skype\Phone\;C:\Program Files (x86)\Intel\Services\IPT\;C:\Program Files\Condusiv Technologies\ExpressCache\;C:\Program Files (x86)\Common Files\Lenovo;C:\Program Files\Git\cmd;C:\Users\stedim\AppData\Local\Microsoft\WindowsApps;C:\Program Files (x86)\Microsoft VS Code\bin;C:\Users\stedim\AppData\Roaming\npm
10 verbose lifecycle form@0.0.0~start: CWD: C:\iteam\Projects\ng_form
11 silly lifecycle form@0.0.0~start: Args: [ '/d /s /c', 'ng serve "4500"' ]
12 silly lifecycle form@0.0.0~start: Returned: code: 1  signal: null
13 info lifecycle form@0.0.0~start: Failed to exec start script
14 verbose stack Error: form@0.0.0 start: `ng serve "4500"`
14 verbose stack Exit status 1
14 verbose stack     at EventEmitter.<anonymous> (C:\Program Files\nodejs\node_modules\npm\lib\utils\lifecycle.js:279:16)
14 verbose stack     at emitTwo (events.js:106:13)
14 verbose stack     at EventEmitter.emit (events.js:194:7)
14 verbose stack     at ChildProcess.<anonymous> (C:\Program Files\nodejs\node_modules\npm\lib\utils\spawn.js:40:14)
14 verbose stack     at emitTwo (events.js:106:13)
14 verbose stack     at ChildProcess.emit (events.js:194:7)
14 verbose stack     at maybeClose (internal/child_process.js:899:16)
14 verbose stack     at Process.ChildProcess._handle.onexit (internal/child_process.js:226:5)
15 verbose pkgid form@0.0.0
16 verbose cwd C:\iteam\Projects\ng_form
17 error Windows_NT 10.0.14393
18 error argv "C:\\Program Files\\nodejs\\node.exe" "C:\\Program Files\\nodejs\\node_modules\\npm\\bin\\npm-cli.js" "start" "--port" "4500"
19 error node v7.7.2
20 error npm  v4.1.2
21 error code ELIFECYCLE
22 error form@0.0.0 start: `ng serve "4500"`
22 error Exit status 1
23 error Failed at the form@0.0.0 start script 'ng serve "4500"'.
23 error Make sure you have the latest version of node.js and npm installed.
23 error If you do, this is most likely a problem with the form package,
23 error not with npm itself.
23 error Tell the author that this fails on your system:
23 error     ng serve "4500"
23 error You can get information on how to open an issue for this project with:
23 error     npm bugs form
23 error Or if that isn't available, you can get their info via:
23 error     npm owner ls form
23 error There is likely additional logging output above.
24 verbose exit [ 1, true ]
